2025-09-27 00:23:09 [INFO] webapp - ==== Runtime Env ====
2025-09-27 00:23:09 [INFO] webapp - Python: 3.12.6 (tags/v3.12.6:a4a2d2b, Sep  6 2024, 20:11:23) [MSC v.1940 64 bit (AMD64)]
2025-09-27 00:23:09 [INFO] webapp - OS: Windows 10.0.26100
2025-09-27 00:23:09 [INFO] webapp - torch: 2.5.0+cu121 (cuda=True) | transformers: 4.46.1 | diffusers: 0.32.0
2025-09-27 00:23:09 [INFO] webapp - Device: NVIDIA GeForce RTX 4090 Laptop GPU
2025-09-27 00:23:09 [INFO] webapp - Log file: C:\Users\23154\Downloads\YUME-main-1\YUME-main\logs\webapp_20250927_002309.log
2025-09-27 00:23:09 [INFO] webapp - [LAUNCH] 即将启动：http://127.0.0.1:7666
2025-09-27 00:23:09 [INFO] webapp - [LAUNCH] Log file: C:\Users\23154\Downloads\YUME-main-1\YUME-main\logs\webapp_20250927_002309.log
2025-09-27 00:23:16 [INFO] webapp - [load_wan] start (BF16, DEVICE_ID=0)
2025-09-27 00:23:16 [INFO] webapp - [device] checking CUDA…
2025-09-27 00:23:16 [INFO] webapp - [device] using cuda:0 - NVIDIA GeForce RTX 4090 Laptop GPU
2025-09-27 00:26:21 [INFO] webapp - [load_wan] OK in 185.10s
2025-09-27 00:27:08 [ERROR] webapp - [api_generate_long] failed: cannot access local variable 'model_input_latent' where it is not associated with a value
Traceback (most recent call last):
  File "C:\Users\23154\Downloads\YUME-main-1\YUME-main\webapp_single_gpu.py", line 1172, in api_generate_long
    out_path, final_prompt = long_generate(g)
                             ^^^^^^^^^^^^^^^^
  File "C:\Users\23154\Downloads\YUME-main-1\YUME-main\.venv\Lib\site-packages\torch\utils\_contextlib.py", line 116, in decorate_context
    return func(*args, **kwargs)
           ^^^^^^^^^^^^^^^^^^^^^
  File "C:\Users\23154\Downloads\YUME-main-1\YUME-main\webapp_single_gpu.py", line 695, in long_generate
    img=model_input_latent,
        ^^^^^^^^^^^^^^^^^^
UnboundLocalError: cannot access local variable 'model_input_latent' where it is not associated with a value
2025-09-27 00:31:38 [ERROR] webapp - [api_generate_long] failed: too many values to unpack (expected 3)
Traceback (most recent call last):
  File "C:\Users\23154\Downloads\YUME-main-1\YUME-main\webapp_single_gpu.py", line 1172, in api_generate_long
    out_path, final_prompt = long_generate(g)
                             ^^^^^^^^^^^^^^^^
  File "C:\Users\23154\Downloads\YUME-main-1\YUME-main\.venv\Lib\site-packages\torch\utils\_contextlib.py", line 116, in decorate_context
    return func(*args, **kwargs)
           ^^^^^^^^^^^^^^^^^^^^^
  File "C:\Users\23154\Downloads\YUME-main-1\YUME-main\webapp_single_gpu.py", line 723, in long_generate
    arg_c, arg_null, noise = gen_ret
    ^^^^^^^^^^^^^^^^^^^^^^
ValueError: too many values to unpack (expected 3)
