2025-09-20 19:41:52 [INFO] webapp - ==== Runtime Env ====
2025-09-20 19:41:52 [INFO] webapp - Python: 3.12.6 (tags/v3.12.6:a4a2d2b, Sep  6 2024, 20:11:23) [MSC v.1940 64 bit (AMD64)]
2025-09-20 19:41:52 [INFO] webapp - OS: Windows 10.0.26100
2025-09-20 19:41:52 [INFO] webapp - torch: 2.5.0+cu121 (cuda=True) | transformers: 4.46.1 | diffusers: 0.32.0
2025-09-20 19:41:52 [INFO] webapp - Device: NVIDIA GeForce RTX 4090 Laptop GPU
2025-09-20 19:41:52 [INFO] webapp - Log file: C:\Users\23154\Downloads\YUME-main-1\YUME-main\logs\webapp_20250920_194152.log
2025-09-20 19:41:52 [INFO] webapp - [LAUNCH] 即将启动：http://127.0.0.1:7665
2025-09-20 19:41:52 [INFO] webapp - [LAUNCH] Log file: C:\Users\23154\Downloads\YUME-main-1\YUME-main\logs\webapp_20250920_194152.log
2025-09-20 19:42:49 [INFO] webapp - [load_caption_model] start (BF16)
2025-09-20 19:42:49 [INFO] webapp - [device] checking CUDA…
2025-09-20 19:42:49 [INFO] webapp - [device] using cuda:0 - NVIDIA GeForce RTX 4090 Laptop GPU
2025-09-20 19:43:07 [INFO] webapp - [load_caption_model] OK in 18.03s
2025-09-20 19:43:59 [INFO] webapp - [load_wan] start (BF16, DEVICE_ID=0)
2025-09-20 19:43:59 [INFO] webapp - [device] checking CUDA…
2025-09-20 19:43:59 [INFO] webapp - [device] using cuda:0 - NVIDIA GeForce RTX 4090 Laptop GPU
2025-09-20 19:49:22 [ERROR] webapp - [api_load] load_wan failed: The size of tensor a (16) must match the size of tensor b (48) at non-singleton dimension 1
Traceback (most recent call last):
  File "C:\Users\23154\Downloads\YUME-main-1\YUME-main\webapp_single_gpu.py", line 766, in api_load
    rst["wan_msg"] = load_wan()
                     ^^^^^^^^^^
  File "C:\Users\23154\Downloads\YUME-main-1\YUME-main\.venv\Lib\site-packages\torch\utils\_contextlib.py", line 116, in decorate_context
    return func(*args, **kwargs)
           ^^^^^^^^^^^^^^^^^^^^^
  File "C:\Users\23154\Downloads\YUME-main-1\YUME-main\webapp_single_gpu.py", line 206, in load_wan
    transformer.patch_embedding_2x  = upsample_conv3d_weights(transformer.patch_embedding, (1,4,4))
                                      ^^^^^^^^^^^^^^^^^^^^^^^^^^^^^^^^^^^^^^^^^^^^^^^^^^^^^^^^^^^^^
  File "C:\Users\23154\Downloads\YUME-main-1\YUME-main\webapp_single_gpu.py", line 201, in upsample_conv3d_weights
    big.weight.copy_(w)
RuntimeError: The size of tensor a (16) must match the size of tensor b (48) at non-singleton dimension 1
