2025-09-22 13:00:50 [INFO] webapp - ==== Runtime Env ====
2025-09-22 13:00:50 [INFO] webapp - Python: 3.12.6 (tags/v3.12.6:a4a2d2b, Sep  6 2024, 20:11:23) [MSC v.1940 64 bit (AMD64)]
2025-09-22 13:00:50 [INFO] webapp - OS: Windows 10.0.26100
2025-09-22 13:00:50 [INFO] webapp - torch: 2.5.0+cu121 (cuda=True) | transformers: 4.46.1 | diffusers: 0.32.0
2025-09-22 13:00:50 [INFO] webapp - Device: NVIDIA GeForce RTX 4090 Laptop GPU
2025-09-22 13:00:50 [INFO] webapp - Log file: C:\Users\23154\Downloads\YUME-main-1\YUME-main\logs\webapp_20250922_130050.log
2025-09-22 13:00:50 [ERROR] webapp - [PORT] 端口已被占用：127.0.0.1:7665
2025-09-22 13:00:50 [ERROR] webapp -        解决：关闭占用端口的程序，或设置环境变量 WEB_PORT 改端口
2025-09-22 13:01:39 [CRITICAL] webapp - UNCAUGHT EXCEPTION
Traceback (most recent call last):
  File "C:\Users\23154\Downloads\YUME-main-1\YUME-main\bootstrap.py", line 21, in <module>
    main()
  File "C:\Users\23154\Downloads\YUME-main-1\YUME-main\bootstrap.py", line 18, in main
    runpy.run_path(app_path, run_name="__main__")
  File "<frozen runpy>", line 287, in run_path
  File "<frozen runpy>", line 98, in _run_module_code
  File "<frozen runpy>", line 88, in _run_code
  File "C:\Users\23154\Downloads\YUME-main-1\YUME-main\webapp_single_gpu.py", line 977, in <module>
    main()
  File "C:\Users\23154\Downloads\YUME-main-1\YUME-main\webapp_single_gpu.py", line 960, in main
    try: input()
         ^^^^^^^
KeyboardInterrupt
