2025-09-22 21:28:16 [INFO] webapp - ==== Runtime Env ====
2025-09-22 21:28:16 [INFO] webapp - Python: 3.12.6 (tags/v3.12.6:a4a2d2b, Sep  6 2024, 20:11:23) [MSC v.1940 64 bit (AMD64)]
2025-09-22 21:28:16 [INFO] webapp - OS: Windows 10.0.26100
2025-09-22 21:28:16 [INFO] webapp - torch: 2.5.0+cu121 (cuda=True) | transformers: 4.46.1 | diffusers: 0.32.0
2025-09-22 21:28:16 [INFO] webapp - Device: NVIDIA GeForce RTX 4090 Laptop GPU
2025-09-22 21:28:16 [INFO] webapp - Log file: C:\Users\23154\Downloads\YUME-main-1\YUME-main\logs\webapp_20250922_212816.log
2025-09-22 21:28:16 [INFO] webapp - [LAUNCH] 即将启动：http://127.0.0.1:7666
2025-09-22 21:28:16 [INFO] webapp - [LAUNCH] Log file: C:\Users\23154\Downloads\YUME-main-1\YUME-main\logs\webapp_20250922_212816.log
2025-09-22 21:30:04 [ERROR] webapp - [api_generate_long] failed: Wan 未加载，请先点击“加载所选模型”。
Traceback (most recent call last):
  File "C:\Users\23154\Downloads\YUME-main-1\YUME-main\webapp_single_gpu.py", line 956, in api_generate_long
    out_path, final_prompt = long_generate(g)
                             ^^^^^^^^^^^^^^^^
  File "C:\Users\23154\Downloads\YUME-main-1\YUME-main\.venv\Lib\site-packages\torch\utils\_contextlib.py", line 116, in decorate_context
    return func(*args, **kwargs)
           ^^^^^^^^^^^^^^^^^^^^^
  File "C:\Users\23154\Downloads\YUME-main-1\YUME-main\webapp_single_gpu.py", line 427, in long_generate
    raise RuntimeError("Wan 未加载，请先点击“加载所选模型”。")
RuntimeError: Wan 未加载，请先点击“加载所选模型”。
2025-09-22 21:30:09 [INFO] webapp - [load_wan] start (BF16, DEVICE_ID=0)
2025-09-22 21:30:09 [INFO] webapp - [device] checking CUDA…
2025-09-22 21:30:09 [INFO] webapp - [device] using cuda:0 - NVIDIA GeForce RTX 4090 Laptop GPU
2025-09-22 21:33:24 [INFO] webapp - [load_wan] OK in 194.20s
2025-09-22 21:37:56 [ERROR] webapp - [api_generate_long] failed: Sizes of tensors must match except in dimension 1. Expected size 704 but got size 768 for tensor number 1 in the list.
Traceback (most recent call last):
  File "C:\Users\23154\Downloads\YUME-main-1\YUME-main\webapp_single_gpu.py", line 956, in api_generate_long
    out_path, final_prompt = long_generate(g)
                             ^^^^^^^^^^^^^^^^
  File "C:\Users\23154\Downloads\YUME-main-1\YUME-main\.venv\Lib\site-packages\torch\utils\_contextlib.py", line 116, in decorate_context
    return func(*args, **kwargs)
           ^^^^^^^^^^^^^^^^^^^^^
  File "C:\Users\23154\Downloads\YUME-main-1\YUME-main\webapp_single_gpu.py", line 624, in long_generate
    model_input_de = torch.cat([model_input_de[:,:-frame_zero,:,:],
                     ^^^^^^^^^^^^^^^^^^^^^^^^^^^^^^^^^^^^^^^^^^^^^^
RuntimeError: Sizes of tensors must match except in dimension 1. Expected size 704 but got size 768 for tensor number 1 in the list.
