2025-09-26 21:08:57 [INFO] webapp - ==== Runtime Env ====
2025-09-26 21:08:57 [INFO] webapp - Python: 3.12.6 (tags/v3.12.6:a4a2d2b, Sep  6 2024, 20:11:23) [MSC v.1940 64 bit (AMD64)]
2025-09-26 21:08:57 [INFO] webapp - OS: Windows 10.0.26100
2025-09-26 21:08:57 [INFO] webapp - torch: 2.5.0+cu121 (cuda=True) | transformers: 4.46.1 | diffusers: 0.32.0
2025-09-26 21:08:57 [INFO] webapp - Device: NVIDIA GeForce RTX 4090 Laptop GPU
2025-09-26 21:08:57 [INFO] webapp - Log file: C:\Users\23154\Downloads\YUME-main-1\YUME-main\logs\webapp_20250926_210857.log
2025-09-26 21:08:57 [INFO] webapp - [LAUNCH] 即将启动：http://127.0.0.1:7666
2025-09-26 21:08:57 [INFO] webapp - [LAUNCH] Log file: C:\Users\23154\Downloads\YUME-main-1\YUME-main\logs\webapp_20250926_210857.log
2025-09-26 21:09:44 [ERROR] webapp - [api_load] load_wan failed: name 'load_wan' is not defined
Traceback (most recent call last):
  File "C:\Users\23154\Downloads\YUME-main-1\YUME-main\webapp_single_gpu.py", line 567, in api_load
    rst["wan_msg"] = load_wan()
                     ^^^^^^^^
NameError: name 'load_wan' is not defined. Did you mean: 'to_load_wan'?
2025-09-26 21:09:51 [ERROR] webapp - [api_load] load_wan failed: name 'load_wan' is not defined
Traceback (most recent call last):
  File "C:\Users\23154\Downloads\YUME-main-1\YUME-main\webapp_single_gpu.py", line 567, in api_load
    rst["wan_msg"] = load_wan()
                     ^^^^^^^^
NameError: name 'load_wan' is not defined. Did you mean: 'to_load_wan'?
