2025-09-23 16:53:35 [INFO] webapp - ==== Runtime Env ====
2025-09-23 16:53:35 [INFO] webapp - Python: 3.12.6 (tags/v3.12.6:a4a2d2b, Sep  6 2024, 20:11:23) [MSC v.1940 64 bit (AMD64)]
2025-09-23 16:53:35 [INFO] webapp - OS: Windows 10.0.26100
2025-09-23 16:53:35 [INFO] webapp - torch: 2.5.0+cu121 (cuda=True) | transformers: 4.46.1 | diffusers: 0.32.0
2025-09-23 16:53:35 [INFO] webapp - Device: NVIDIA GeForce RTX 4090 Laptop GPU
2025-09-23 16:53:35 [INFO] webapp - Log file: C:\Users\23154\Downloads\YUME-main-1\YUME-main\logs\webapp_20250923_165335.log
2025-09-23 16:53:35 [INFO] webapp - [LAUNCH] 即将启动：http://127.0.0.1:7666
2025-09-23 16:53:35 [INFO] webapp - [LAUNCH] Log file: C:\Users\23154\Downloads\YUME-main-1\YUME-main\logs\webapp_20250923_165335.log
2025-09-23 16:54:12 [INFO] webapp - [load_wan] start (BF16, DEVICE_ID=0)
2025-09-23 16:54:12 [INFO] webapp - [device] checking CUDA…
2025-09-23 16:54:12 [INFO] webapp - [device] using cuda:0 - NVIDIA GeForce RTX 4090 Laptop GPU
2025-09-23 16:57:25 [INFO] webapp - [load_wan] OK in 193.38s
2025-09-23 16:58:07 [ERROR] webapp - [api_generate_long] failed: Boolean value of Tensor with more than one value is ambiguous
Traceback (most recent call last):
  File "C:\Users\23154\Downloads\YUME-main-1\YUME-main\webapp_single_gpu.py", line 1143, in api_generate_long
    out_path, final_prompt = long_generate(g)
                             ^^^^^^^^^^^^^^^^
  File "C:\Users\23154\Downloads\YUME-main-1\YUME-main\.venv\Lib\site-packages\torch\utils\_contextlib.py", line 116, in decorate_context
    return func(*args, **kwargs)
           ^^^^^^^^^^^^^^^^^^^^^
  File "C:\Users\23154\Downloads\YUME-main-1\YUME-main\webapp_single_gpu.py", line 686, in long_generate
    tiled_decode_overlap(wan.vae, model_input_latent[:,-latent_frame_zero:], latent_frame_zero=latent_frame_zero)
  File "C:\Users\23154\Downloads\YUME-main-1\YUME-main\webapp_single_gpu.py", line 576, in tiled_decode_overlap
    if result != expected_width_end:
       ^^^^^^^^^^^^^^^^^^^^^^^^^^^^
RuntimeError: Boolean value of Tensor with more than one value is ambiguous
