2025-09-22 14:20:19 [INFO] webapp - ==== Runtime Env ====
2025-09-22 14:20:19 [INFO] webapp - Python: 3.12.6 (tags/v3.12.6:a4a2d2b, Sep  6 2024, 20:11:23) [MSC v.1940 64 bit (AMD64)]
2025-09-22 14:20:19 [INFO] webapp - OS: Windows 10.0.26100
2025-09-22 14:20:19 [INFO] webapp - torch: 2.5.0+cu121 (cuda=True) | transformers: 4.46.1 | diffusers: 0.32.0
2025-09-22 14:20:19 [INFO] webapp - Device: NVIDIA GeForce RTX 4090 Laptop GPU
2025-09-22 14:20:19 [INFO] webapp - Log file: C:\Users\23154\Downloads\YUME-main-1\YUME-main\logs\webapp_20250922_142019.log
2025-09-22 14:20:19 [INFO] webapp - [LAUNCH] 即将启动：http://127.0.0.1:7665
2025-09-22 14:20:19 [INFO] webapp - [LAUNCH] Log file: C:\Users\23154\Downloads\YUME-main-1\YUME-main\logs\webapp_20250922_142019.log
2025-09-22 14:20:40 [INFO] webapp - [load_wan] start (BF16, DEVICE_ID=0)
2025-09-22 14:20:40 [INFO] webapp - [device] checking CUDA…
2025-09-22 14:20:40 [INFO] webapp - [device] using cuda:0 - NVIDIA GeForce RTX 4090 Laptop GPU
2025-09-22 14:24:40 [INFO] webapp - [load_wan] OK in 240.19s
2025-09-22 14:25:22 [ERROR] webapp - [api_generate_long] failed: name 're' is not defined
Traceback (most recent call last):
  File "C:\Users\23154\Downloads\YUME-main-1\YUME-main\webapp_single_gpu.py", line 910, in api_generate_long
    out_path, final_prompt = long_generate(g)
                             ^^^^^^^^^^^^^^^^
  File "C:\Users\23154\Downloads\YUME-main-1\YUME-main\.venv\Lib\site-packages\torch\utils\_contextlib.py", line 116, in decorate_context
    return func(*args, **kwargs)
           ^^^^^^^^^^^^^^^^^^^^^
  File "C:\Users\23154\Downloads\YUME-main-1\YUME-main\webapp_single_gpu.py", line 444, in long_generate
    lat_a = wan.vae.encode([model_input_de[:,:-32]])[0]
            ^^^^^^^^^^^^^^^^^^^^^^^^^^^^^^^^^^^^^^^^
  File "C:\Users\23154\Downloads\YUME-main-1\YUME-main\wan23\modules\vae2_2.py", line 1039, in encode
    self.model.encode(u.unsqueeze(0),
  File "C:\Users\23154\Downloads\YUME-main-1\YUME-main\wan23\modules\vae2_2.py", line 798, in encode
    out = self.encoder(
          ^^^^^^^^^^^^^
  File "C:\Users\23154\Downloads\YUME-main-1\YUME-main\.venv\Lib\site-packages\torch\nn\modules\module.py", line 1736, in _wrapped_call_impl
    return self._call_impl(*args, **kwargs)
           ^^^^^^^^^^^^^^^^^^^^^^^^^^^^^^^^
  File "C:\Users\23154\Downloads\YUME-main-1\YUME-main\.venv\Lib\site-packages\torch\nn\modules\module.py", line 1747, in _call_impl
    return forward_call(*args, **kwargs)
           ^^^^^^^^^^^^^^^^^^^^^^^^^^^^^
  File "C:\Users\23154\Downloads\YUME-main-1\YUME-main\wan23\modules\vae2_2.py", line 584, in forward
    x = layer(x, feat_cache, feat_idx)
        ^^^^^^^^^^^^^^^^^^^^^^^^^^^^^^
  File "C:\Users\23154\Downloads\YUME-main-1\YUME-main\.venv\Lib\site-packages\torch\nn\modules\module.py", line 1736, in _wrapped_call_impl
    return self._call_impl(*args, **kwargs)
           ^^^^^^^^^^^^^^^^^^^^^^^^^^^^^^^^
  File "C:\Users\23154\Downloads\YUME-main-1\YUME-main\.venv\Lib\site-packages\torch\nn\modules\module.py", line 1747, in _call_impl
    return forward_call(*args, **kwargs)
           ^^^^^^^^^^^^^^^^^^^^^^^^^^^^^
  File "C:\Users\23154\Downloads\YUME-main-1\YUME-main\wan23\modules\vae2_2.py", line 452, in forward
    x = module(x, feat_cache, feat_idx)
        ^^^^^^^^^^^^^^^^^^^^^^^^^^^^^^^
  File "C:\Users\23154\Downloads\YUME-main-1\YUME-main\.venv\Lib\site-packages\torch\nn\modules\module.py", line 1736, in _wrapped_call_impl
    return self._call_impl(*args, **kwargs)
           ^^^^^^^^^^^^^^^^^^^^^^^^^^^^^^^^
  File "C:\Users\23154\Downloads\YUME-main-1\YUME-main\.venv\Lib\site-packages\torch\nn\modules\module.py", line 1747, in _call_impl
    return forward_call(*args, **kwargs)
           ^^^^^^^^^^^^^^^^^^^^^^^^^^^^^
  File "C:\Users\23154\Downloads\YUME-main-1\YUME-main\wan23\modules\vae2_2.py", line 234, in forward
    print(re,"4y3498hg0er8")
          ^^
NameError: name 're' is not defined. Did you forget to import 're'
2025-09-22 14:26:02 [ERROR] webapp - [api_generate_long] failed: name 're' is not defined
Traceback (most recent call last):
  File "C:\Users\23154\Downloads\YUME-main-1\YUME-main\webapp_single_gpu.py", line 910, in api_generate_long
    out_path, final_prompt = long_generate(g)
                             ^^^^^^^^^^^^^^^^
  File "C:\Users\23154\Downloads\YUME-main-1\YUME-main\.venv\Lib\site-packages\torch\utils\_contextlib.py", line 116, in decorate_context
    return func(*args, **kwargs)
           ^^^^^^^^^^^^^^^^^^^^^
  File "C:\Users\23154\Downloads\YUME-main-1\YUME-main\webapp_single_gpu.py", line 444, in long_generate
    lat_a = wan.vae.encode([model_input_de[:,:-32]])[0]
            ^^^^^^^^^^^^^^^^^^^^^^^^^^^^^^^^^^^^^^^^
  File "C:\Users\23154\Downloads\YUME-main-1\YUME-main\wan23\modules\vae2_2.py", line 1039, in encode
    self.model.encode(u.unsqueeze(0),
  File "C:\Users\23154\Downloads\YUME-main-1\YUME-main\wan23\modules\vae2_2.py", line 798, in encode
    out = self.encoder(
          ^^^^^^^^^^^^^
  File "C:\Users\23154\Downloads\YUME-main-1\YUME-main\.venv\Lib\site-packages\torch\nn\modules\module.py", line 1736, in _wrapped_call_impl
    return self._call_impl(*args, **kwargs)
           ^^^^^^^^^^^^^^^^^^^^^^^^^^^^^^^^
  File "C:\Users\23154\Downloads\YUME-main-1\YUME-main\.venv\Lib\site-packages\torch\nn\modules\module.py", line 1747, in _call_impl
    return forward_call(*args, **kwargs)
           ^^^^^^^^^^^^^^^^^^^^^^^^^^^^^
  File "C:\Users\23154\Downloads\YUME-main-1\YUME-main\wan23\modules\vae2_2.py", line 584, in forward
    x = layer(x, feat_cache, feat_idx)
        ^^^^^^^^^^^^^^^^^^^^^^^^^^^^^^
  File "C:\Users\23154\Downloads\YUME-main-1\YUME-main\.venv\Lib\site-packages\torch\nn\modules\module.py", line 1736, in _wrapped_call_impl
    return self._call_impl(*args, **kwargs)
           ^^^^^^^^^^^^^^^^^^^^^^^^^^^^^^^^
  File "C:\Users\23154\Downloads\YUME-main-1\YUME-main\.venv\Lib\site-packages\torch\nn\modules\module.py", line 1747, in _call_impl
    return forward_call(*args, **kwargs)
           ^^^^^^^^^^^^^^^^^^^^^^^^^^^^^
  File "C:\Users\23154\Downloads\YUME-main-1\YUME-main\wan23\modules\vae2_2.py", line 452, in forward
    x = module(x, feat_cache, feat_idx)
        ^^^^^^^^^^^^^^^^^^^^^^^^^^^^^^^
  File "C:\Users\23154\Downloads\YUME-main-1\YUME-main\.venv\Lib\site-packages\torch\nn\modules\module.py", line 1736, in _wrapped_call_impl
    return self._call_impl(*args, **kwargs)
           ^^^^^^^^^^^^^^^^^^^^^^^^^^^^^^^^
  File "C:\Users\23154\Downloads\YUME-main-1\YUME-main\.venv\Lib\site-packages\torch\nn\modules\module.py", line 1747, in _call_impl
    return forward_call(*args, **kwargs)
           ^^^^^^^^^^^^^^^^^^^^^^^^^^^^^
  File "C:\Users\23154\Downloads\YUME-main-1\YUME-main\wan23\modules\vae2_2.py", line 234, in forward
    print("re","4y3498hg0er8")
          ^^
NameError: name 're' is not defined. Did you forget to import 're'
