2025-09-26 22:13:27 [INFO] webapp - ==== Runtime Env ====
2025-09-26 22:13:27 [INFO] webapp - Python: 3.12.6 (tags/v3.12.6:a4a2d2b, Sep  6 2024, 20:11:23) [MSC v.1940 64 bit (AMD64)]
2025-09-26 22:13:27 [INFO] webapp - OS: Windows 10.0.26100
2025-09-26 22:13:27 [INFO] webapp - torch: 2.5.0+cu121 (cuda=True) | transformers: 4.46.1 | diffusers: 0.32.0
2025-09-26 22:13:27 [INFO] webapp - Device: NVIDIA GeForce RTX 4090 Laptop GPU
2025-09-26 22:13:27 [INFO] webapp - Log file: C:\Users\23154\Downloads\YUME-main-1\YUME-main\logs\webapp_20250926_221327.log
2025-09-26 22:13:27 [INFO] webapp - [LAUNCH] 即将启动：http://127.0.0.1:7666
2025-09-26 22:13:27 [INFO] webapp - [LAUNCH] Log file: C:\Users\23154\Downloads\YUME-main-1\YUME-main\logs\webapp_20250926_221327.log
2025-09-26 22:13:41 [INFO] webapp - [load_wan] start (BF16, DEVICE_ID=0)
2025-09-26 22:13:41 [INFO] webapp - [device] checking CUDA…
2025-09-26 22:13:41 [INFO] webapp - [device] using cuda:0 - NVIDIA GeForce RTX 4090 Laptop GPU
2025-09-26 22:16:58 [INFO] webapp - [load_wan] OK in 196.72s
2025-09-26 22:17:13 [ERROR] webapp - [api_generate_long] failed: _path_isfile: path should be string, bytes, os.PathLike or integer, not NoneType
Traceback (most recent call last):
  File "C:\Users\23154\Downloads\YUME-main-1\YUME-main\webapp_single_gpu.py", line 1134, in api_generate_long
    out_path, final_prompt = long_generate(g)
                             ^^^^^^^^^^^^^^^^
  File "C:\Users\23154\Downloads\YUME-main-1\YUME-main\.venv\Lib\site-packages\torch\utils\_contextlib.py", line 116, in decorate_context
    return func(*args, **kwargs)
           ^^^^^^^^^^^^^^^^^^^^^
  File "C:\Users\23154\Downloads\YUME-main-1\YUME-main\webapp_single_gpu.py", line 595, in long_generate
    pixel_values_vid, base_name, img_path = create_video_from_image(
                                            ^^^^^^^^^^^^^^^^^^^^^^^^
  File "C:\Users\23154\Downloads\YUME-main-1\YUME-main\webapp_single_gpu.py", line 132, in create_video_from_image
    if not os.path.isfile(image_path):
           ^^^^^^^^^^^^^^^^^^^^^^^^^^
TypeError: _path_isfile: path should be string, bytes, os.PathLike or integer, not NoneType
