2025-09-22 15:43:11 [INFO] webapp - ==== Runtime Env ====
2025-09-22 15:43:11 [INFO] webapp - Python: 3.12.6 (tags/v3.12.6:a4a2d2b, Sep  6 2024, 20:11:23) [MSC v.1940 64 bit (AMD64)]
2025-09-22 15:43:11 [INFO] webapp - OS: Windows 10.0.26100
2025-09-22 15:43:11 [INFO] webapp - torch: 2.5.0+cu121 (cuda=True) | transformers: 4.46.1 | diffusers: 0.32.0
2025-09-22 15:43:11 [INFO] webapp - Device: NVIDIA GeForce RTX 4090 Laptop GPU
2025-09-22 15:43:11 [INFO] webapp - Log file: C:\Users\23154\Downloads\YUME-main-1\YUME-main\logs\webapp_20250922_154311.log
2025-09-22 15:43:11 [INFO] webapp - [LAUNCH] 即将启动：http://127.0.0.1:7666
2025-09-22 15:43:11 [INFO] webapp - [LAUNCH] Log file: C:\Users\23154\Downloads\YUME-main-1\YUME-main\logs\webapp_20250922_154311.log
2025-09-22 15:43:24 [INFO] webapp - [load_wan] start (BF16, DEVICE_ID=0)
2025-09-22 15:43:24 [INFO] webapp - [device] checking CUDA…
2025-09-22 15:43:24 [INFO] webapp - [device] using cuda:0 - NVIDIA GeForce RTX 4090 Laptop GPU
2025-09-22 15:46:22 [INFO] webapp - [load_wan] OK in 177.81s
2025-09-22 16:08:35 [ERROR] webapp - [api_generate_long] failed: 'WanVAE_' object has no attribute 'device'
Traceback (most recent call last):
  File "C:\Users\23154\Downloads\YUME-main-1\YUME-main\webapp_single_gpu.py", line 912, in api_generate_long
    out_path, final_prompt = long_generate(g)
                             ^^^^^^^^^^^^^^^^
  File "C:\Users\23154\Downloads\YUME-main-1\YUME-main\.venv\Lib\site-packages\torch\utils\_contextlib.py", line 116, in decorate_context
    return func(*args, **kwargs)
           ^^^^^^^^^^^^^^^^^^^^^
  File "C:\Users\23154\Downloads\YUME-main-1\YUME-main\webapp_single_gpu.py", line 456, in long_generate
    print(vae.model.device,"W08RHF9W8HF9W8GHF9W48")
          ^^^^^^^^^^^^^^^^
  File "C:\Users\23154\Downloads\YUME-main-1\YUME-main\.venv\Lib\site-packages\torch\nn\modules\module.py", line 1931, in __getattr__
    raise AttributeError(
AttributeError: 'WanVAE_' object has no attribute 'device'
