2025-09-22 11:45:25 [INFO] webapp - ==== Runtime Env ====
2025-09-22 11:45:25 [INFO] webapp - Python: 3.12.6 (tags/v3.12.6:a4a2d2b, Sep  6 2024, 20:11:23) [MSC v.1940 64 bit (AMD64)]
2025-09-22 11:45:25 [INFO] webapp - OS: Windows 10.0.26100
2025-09-22 11:45:25 [INFO] webapp - torch: 2.5.0+cu121 (cuda=True) | transformers: 4.46.1 | diffusers: 0.32.0
2025-09-22 11:45:25 [INFO] webapp - Device: NVIDIA GeForce RTX 4090 Laptop GPU
2025-09-22 11:45:25 [INFO] webapp - Log file: C:\Users\23154\Downloads\YUME-main-1\YUME-main\logs\webapp_20250922_114525.log
2025-09-22 11:45:26 [INFO] webapp - [LAUNCH] 即将启动：http://127.0.0.1:7665
2025-09-22 11:45:26 [INFO] webapp - [LAUNCH] Log file: C:\Users\23154\Downloads\YUME-main-1\YUME-main\logs\webapp_20250922_114525.log
2025-09-22 11:48:22 [INFO] webapp - [load_wan] start (BF16, DEVICE_ID=0)
2025-09-22 11:48:22 [INFO] webapp - [device] checking CUDA…
2025-09-22 11:48:22 [INFO] webapp - [device] using cuda:0 - NVIDIA GeForce RTX 4090 Laptop GPU
2025-09-22 11:52:07 [INFO] webapp - [load_wan] OK in 225.00s
2025-09-22 12:03:49 [ERROR] webapp - [api_generate_long] failed: Input type (float) and bias type (struct c10::BFloat16) should be the same
Traceback (most recent call last):
  File "C:\Users\23154\Downloads\YUME-main-1\YUME-main\webapp_single_gpu.py", line 900, in api_generate_long
    out_path, final_prompt = long_generate(g)
                             ^^^^^^^^^^^^^^^^
  File "C:\Users\23154\Downloads\YUME-main-1\YUME-main\.venv\Lib\site-packages\torch\utils\_contextlib.py", line 116, in decorate_context
    return func(*args, **kwargs)
           ^^^^^^^^^^^^^^^^^^^^^
  File "C:\Users\23154\Downloads\YUME-main-1\YUME-main\webapp_single_gpu.py", line 552, in long_generate
    video_tail = vae.decode([latent[:,-latent_frame_zero:].to("cpu")])[0].cuda() #tiled_decode_overlap(wan.vae, latent, n_tiles = 4, latent_frame_zero=latent_frame_zero) #vae.decode([latent[:,-latent_frame_zero:]])[0]
                 ^^^^^^^^^^^^^^^^^^^^^^^^^^^^^^^^^^^^^^^^^^^^^^^^^^^^^
  File "C:\Users\23154\Downloads\YUME-main-1\YUME-main\wan23\modules\vae2_2.py", line 1050, in decode
    self.model.decode(u.unsqueeze(0),
  File "C:\Users\23154\Downloads\YUME-main-1\YUME-main\wan23\modules\vae2_2.py", line 825, in decode
    x = self.conv2(z)
        ^^^^^^^^^^^^^
  File "C:\Users\23154\Downloads\YUME-main-1\YUME-main\.venv\Lib\site-packages\torch\nn\modules\module.py", line 1736, in _wrapped_call_impl
    return self._call_impl(*args, **kwargs)
           ^^^^^^^^^^^^^^^^^^^^^^^^^^^^^^^^
  File "C:\Users\23154\Downloads\YUME-main-1\YUME-main\.venv\Lib\site-packages\torch\nn\modules\module.py", line 1747, in _call_impl
    return forward_call(*args, **kwargs)
           ^^^^^^^^^^^^^^^^^^^^^^^^^^^^^
  File "C:\Users\23154\Downloads\YUME-main-1\YUME-main\wan23\modules\vae2_2.py", line 42, in forward
    return super().forward(x)
           ^^^^^^^^^^^^^^^^^^
  File "C:\Users\23154\Downloads\YUME-main-1\YUME-main\.venv\Lib\site-packages\torch\nn\modules\conv.py", line 725, in forward
    return self._conv_forward(input, self.weight, self.bias)
           ^^^^^^^^^^^^^^^^^^^^^^^^^^^^^^^^^^^^^^^^^^^^^^^^^
  File "C:\Users\23154\Downloads\YUME-main-1\YUME-main\.venv\Lib\site-packages\torch\nn\modules\conv.py", line 720, in _conv_forward
    return F.conv3d(
           ^^^^^^^^^
RuntimeError: Input type (float) and bias type (struct c10::BFloat16) should be the same
