2025-09-21 11:55:25 [INFO] webapp - ==== Runtime Env ====
2025-09-21 11:55:25 [INFO] webapp - Python: 3.12.6 (tags/v3.12.6:a4a2d2b, Sep  6 2024, 20:11:23) [MSC v.1940 64 bit (AMD64)]
2025-09-21 11:55:25 [INFO] webapp - OS: Windows 10.0.26100
2025-09-21 11:55:25 [INFO] webapp - torch: 2.5.0+cu121 (cuda=True) | transformers: 4.46.1 | diffusers: 0.32.0
2025-09-21 11:55:25 [INFO] webapp - Device: NVIDIA GeForce RTX 4090 Laptop GPU
2025-09-21 11:55:25 [INFO] webapp - Log file: C:\Users\23154\Downloads\YUME-main-1\YUME-main\logs\webapp_20250921_115524.log
2025-09-21 11:55:25 [INFO] webapp - [LAUNCH] 即将启动：http://127.0.0.1:7665
2025-09-21 11:55:25 [INFO] webapp - [LAUNCH] Log file: C:\Users\23154\Downloads\YUME-main-1\YUME-main\logs\webapp_20250921_115524.log
2025-09-21 11:55:42 [INFO] webapp - [load_wan] start (BF16, DEVICE_ID=0)
2025-09-21 11:55:42 [INFO] webapp - [device] checking CUDA…
2025-09-21 11:55:42 [INFO] webapp - [device] using cuda:0 - NVIDIA GeForce RTX 4090 Laptop GPU
2025-09-21 11:58:57 [ERROR] webapp - [api_load] load_wan failed: name 'MODELS' is not defined
Traceback (most recent call last):
  File "C:\Users\23154\Downloads\YUME-main-1\YUME-main\webapp_single_gpu.py", line 784, in api_load
    rst["wan_msg"] = load_wan()
                     ^^^^^^^^^^
  File "C:\Users\23154\Downloads\YUME-main-1\YUME-main\.venv\Lib\site-packages\torch\utils\_contextlib.py", line 116, in decorate_context
    return func(*args, **kwargs)
           ^^^^^^^^^^^^^^^^^^^^^
  File "C:\Users\23154\Downloads\YUME-main-1\YUME-main\webapp_single_gpu.py", line 215, in load_wan
    wan_i2v = _wan23.WanTI2V(config=cfg, checkpoint_dir=CKPT_DIR, device_id=DEVICE_ID)
              ^^^^^^^^^^^^^^^^^^^^^^^^^^^^^^^^^^^^^^^^^^^^^^^^^^^^^^^^^^^^^^^^^^^^^^^^
  File "C:\Users\23154\Downloads\YUME-main-1\YUME-main\wan23\textimage2video.py", line 103, in __init__
    self.model = WanModel.from_pretrained(checkpoint_dir)
                 ^^^^^^^^^^^^^^^^^^^^^^^^^^^^^^^^^^^^^^^^
  File "C:\Users\23154\Downloads\YUME-main-1\YUME-main\.venv\Lib\site-packages\huggingface_hub\utils\_validators.py", line 114, in _inner_fn
    return fn(*args, **kwargs)
           ^^^^^^^^^^^^^^^^^^^
  File "C:\Users\23154\Downloads\YUME-main-1\YUME-main\.venv\Lib\site-packages\diffusers\models\modeling_utils.py", line 870, in from_pretrained
    model = cls.from_config(config, **unused_kwargs)
            ^^^^^^^^^^^^^^^^^^^^^^^^^^^^^^^^^^^^^^^^
  File "C:\Users\23154\Downloads\YUME-main-1\YUME-main\.venv\Lib\site-packages\diffusers\configuration_utils.py", line 260, in from_config
    model = cls(**init_dict)
            ^^^^^^^^^^^^^^^^
  File "C:\Users\23154\Downloads\YUME-main-1\YUME-main\.venv\Lib\site-packages\diffusers\configuration_utils.py", line 665, in inner_init
    init(self, *args, **init_kwargs)
  File "C:\Users\23154\Downloads\YUME-main-1\YUME-main\wan23\modules\model.py", line 498, in __init__
    self.patch_embedding_2x  = upsample_conv3d_weights_auto(self.patch_embedding, (1,4,4),  MODELS.device, DTYPE)
                                                                                            ^^^^^^
NameError: name 'MODELS' is not defined
2025-09-21 11:58:57 [INFO] webapp - [load_caption_model] start (BF16)
2025-09-21 11:59:13 [INFO] webapp - [load_caption_model] OK in 15.28s
