2025-09-22 21:47:22 [INFO] webapp - ==== Runtime Env ====
2025-09-22 21:47:22 [INFO] webapp - Python: 3.12.6 (tags/v3.12.6:a4a2d2b, Sep  6 2024, 20:11:23) [MSC v.1940 64 bit (AMD64)]
2025-09-22 21:47:22 [INFO] webapp - OS: Windows 10.0.26100
2025-09-22 21:47:22 [INFO] webapp - torch: 2.5.0+cu121 (cuda=True) | transformers: 4.46.1 | diffusers: 0.32.0
2025-09-22 21:47:22 [INFO] webapp - Device: NVIDIA GeForce RTX 4090 Laptop GPU
2025-09-22 21:47:22 [INFO] webapp - Log file: C:\Users\23154\Downloads\YUME-main-1\YUME-main\logs\webapp_20250922_214722.log
2025-09-22 21:47:22 [INFO] webapp - [LAUNCH] 即将启动：http://127.0.0.1:7666
2025-09-22 21:47:22 [INFO] webapp - [LAUNCH] Log file: C:\Users\23154\Downloads\YUME-main-1\YUME-main\logs\webapp_20250922_214722.log
2025-09-22 21:47:30 [INFO] webapp - [load_wan] start (BF16, DEVICE_ID=0)
2025-09-22 21:47:30 [INFO] webapp - [device] checking CUDA…
2025-09-22 21:47:30 [INFO] webapp - [device] using cuda:0 - NVIDIA GeForce RTX 4090 Laptop GPU
2025-09-22 21:50:45 [INFO] webapp - [load_wan] OK in 194.64s
2025-09-22 22:06:53 [ERROR] webapp - [api_generate_long] failed: Sizes of tensors must match except in dimension 1. Expected size 704 but got size 640 for tensor number 1 in the list.
Traceback (most recent call last):
  File "C:\Users\23154\Downloads\YUME-main-1\YUME-main\webapp_single_gpu.py", line 957, in api_generate_long
    out_path, final_prompt = long_generate(g)
                             ^^^^^^^^^^^^^^^^
  File "C:\Users\23154\Downloads\YUME-main-1\YUME-main\.venv\Lib\site-packages\torch\utils\_contextlib.py", line 116, in decorate_context
    return func(*args, **kwargs)
           ^^^^^^^^^^^^^^^^^^^^^
  File "C:\Users\23154\Downloads\YUME-main-1\YUME-main\webapp_single_gpu.py", line 625, in long_generate
    model_input_de = torch.cat([model_input_de[:,:-frame_zero,:,:],
                     ^^^^^^^^^^^^^^^^^^^^^^^^^^^^^^^^^^^^^^^^^^^^^^
RuntimeError: Sizes of tensors must match except in dimension 1. Expected size 704 but got size 640 for tensor number 1 in the list.
